  [1m[35m (289.6ms)[0m  [1m[35mCREATE DATABASE "rails-burning-airlines_development" ENCODING = 'unicode'[0m
  ↳ bin/rails:4
  [1m[35m (55.3ms)[0m  [1m[35mCREATE DATABASE "rails-burning-airlines_test" ENCODING = 'unicode'[0m
  ↳ bin/rails:4
  [1m[35m (16.5ms)[0m  [1m[35mCREATE TABLE "schema_migrations" ("version" character varying NOT NULL PRIMARY KEY)[0m
  ↳ bin/rails:4
  [1m[35m (3.4ms)[0m  [1m[35mCREATE TABLE "ar_internal_metadata" ("key" character varying NOT NULL PRIMARY KEY, "value" character varying, "created_at" timestamp NOT NULL, "updated_at" timestamp NOT NULL)[0m
  ↳ bin/rails:4
  [1m[35m (0.9ms)[0m  [1m[34mSELECT pg_try_advisory_lock(2380315062065263575)[0m
  ↳ bin/rails:4
  [1m[35m (0.7ms)[0m  [1m[34mSELECT "schema_migrations"."version" FROM "schema_migrations" ORDER BY "schema_migrations"."version" ASC[0m
  ↳ bin/rails:4
Migrating to CreateAirplanes (20200129055226)
  [1m[35m (0.6ms)[0m  [1m[35mBEGIN[0m
  ↳ bin/rails:4
  [1m[35m (5.2ms)[0m  [1m[35mCREATE TABLE "airplanes" ("id" bigserial primary key, "name" character varying, "rows" integer, "colomns" integer, "created_at" timestamp NOT NULL, "updated_at" timestamp NOT NULL)[0m
  ↳ db/migrate/20200129055226_create_airplanes.rb:3
  [1m[36mActiveRecord::SchemaMigration Create (0.9ms)[0m  [1m[32mINSERT INTO "schema_migrations" ("version") VALUES ($1) RETURNING "version"[0m  [["version", "20200129055226"]]
  ↳ bin/rails:4
  [1m[35m (0.4ms)[0m  [1m[35mCOMMIT[0m
  ↳ bin/rails:4
Migrating to CreateUsers (20200129055243)
  [1m[35m (0.2ms)[0m  [1m[35mBEGIN[0m
  ↳ bin/rails:4
  [1m[35m (3.6ms)[0m  [1m[35mCREATE TABLE "users" ("id" bigserial primary key, "name" character varying, "admin" boolean, "created_at" timestamp NOT NULL, "updated_at" timestamp NOT NULL)[0m
  ↳ db/migrate/20200129055243_create_users.rb:3
  [1m[36mActiveRecord::SchemaMigration Create (0.2ms)[0m  [1m[32mINSERT INTO "schema_migrations" ("version") VALUES ($1) RETURNING "version"[0m  [["version", "20200129055243"]]
  ↳ bin/rails:4
  [1m[35m (0.5ms)[0m  [1m[35mCOMMIT[0m
  ↳ bin/rails:4
Migrating to CreateFlights (20200129055309)
  [1m[35m (0.3ms)[0m  [1m[35mBEGIN[0m
  ↳ bin/rails:4
  [1m[35m (4.0ms)[0m  [1m[35mCREATE TABLE "flights" ("id" bigserial primary key, "date" date, "origin" character varying, "destination" character varying, "created_at" timestamp NOT NULL, "updated_at" timestamp NOT NULL)[0m
  ↳ db/migrate/20200129055309_create_flights.rb:3
  [1m[36mActiveRecord::SchemaMigration Create (0.2ms)[0m  [1m[32mINSERT INTO "schema_migrations" ("version") VALUES ($1) RETURNING "version"[0m  [["version", "20200129055309"]]
  ↳ bin/rails:4
  [1m[35m (0.4ms)[0m  [1m[35mCOMMIT[0m
  ↳ bin/rails:4
Migrating to CreateReservations (20200129055324)
  [1m[35m (0.1ms)[0m  [1m[35mBEGIN[0m
  ↳ bin/rails:4
  [1m[35m (2.3ms)[0m  [1m[35mCREATE TABLE "reservations" ("id" bigserial primary key, "created_at" timestamp NOT NULL, "updated_at" timestamp NOT NULL)[0m
  ↳ db/migrate/20200129055324_create_reservations.rb:3
  [1m[36mActiveRecord::SchemaMigration Create (0.2ms)[0m  [1m[32mINSERT INTO "schema_migrations" ("version") VALUES ($1) RETURNING "version"[0m  [["version", "20200129055324"]]
  ↳ bin/rails:4
  [1m[35m (1.3ms)[0m  [1m[35mCOMMIT[0m
  ↳ bin/rails:4
  [1m[36mActiveRecord::InternalMetadata Load (0.6ms)[0m  [1m[34mSELECT  "ar_internal_metadata".* FROM "ar_internal_metadata" WHERE "ar_internal_metadata"."key" = $1 LIMIT $2[0m  [["key", "environment"], ["LIMIT", 1]]
  ↳ bin/rails:4
  [1m[35m (0.1ms)[0m  [1m[35mBEGIN[0m
  ↳ bin/rails:4
  [1m[36mActiveRecord::InternalMetadata Create (1.1ms)[0m  [1m[32mINSERT INTO "ar_internal_metadata" ("key", "value", "created_at", "updated_at") VALUES ($1, $2, $3, $4) RETURNING "key"[0m  [["key", "environment"], ["value", "development"], ["created_at", "2020-01-29 05:56:43.606497"], ["updated_at", "2020-01-29 05:56:43.606497"]]
  ↳ bin/rails:4
  [1m[35m (0.3ms)[0m  [1m[35mCOMMIT[0m
  ↳ bin/rails:4
  [1m[35m (0.2ms)[0m  [1m[34mSELECT pg_advisory_unlock(2380315062065263575)[0m
  ↳ bin/rails:4
  [1m[35m (0.7ms)[0m  [1m[34mSELECT "schema_migrations"."version" FROM "schema_migrations" ORDER BY "schema_migrations"."version" ASC[0m
  ↳ bin/rails:4
  [1m[35m (1.0ms)[0m  [1m[34mSELECT "schema_migrations"."version" FROM "schema_migrations" ORDER BY "schema_migrations"."version" ASC[0m
  ↳ bin/rails:4
  [1m[35m (0.2ms)[0m  [1m[34mSELECT pg_try_advisory_lock(2380315062065263575)[0m
  ↳ bin/rails:4
  [1m[35m (0.8ms)[0m  [1m[34mSELECT "schema_migrations"."version" FROM "schema_migrations" ORDER BY "schema_migrations"."version" ASC[0m
  ↳ bin/rails:4
Migrating to AddAirplaneIdToFlights (20200129055739)
  [1m[35m (0.2ms)[0m  [1m[35mBEGIN[0m
  ↳ bin/rails:4
  [1m[35m (4.5ms)[0m  [1m[35mALTER TABLE "flights" ADD "airplane_id" integer[0m
  ↳ db/migrate/20200129055739_add_airplane_id_to_flights.rb:3
  [1m[36mActiveRecord::SchemaMigration Create (0.4ms)[0m  [1m[32mINSERT INTO "schema_migrations" ("version") VALUES ($1) RETURNING "version"[0m  [["version", "20200129055739"]]
  ↳ bin/rails:4
  [1m[35m (0.5ms)[0m  [1m[35mCOMMIT[0m
  ↳ bin/rails:4
Migrating to AddUserIdToReservations (20200129055804)
  [1m[35m (0.1ms)[0m  [1m[35mBEGIN[0m
  ↳ bin/rails:4
  [1m[35m (0.3ms)[0m  [1m[35mALTER TABLE "reservations" ADD "user_id" integer[0m
  ↳ db/migrate/20200129055804_add_user_id_to_reservations.rb:3
  [1m[36mActiveRecord::SchemaMigration Create (0.4ms)[0m  [1m[32mINSERT INTO "schema_migrations" ("version") VALUES ($1) RETURNING "version"[0m  [["version", "20200129055804"]]
  ↳ bin/rails:4
  [1m[35m (0.4ms)[0m  [1m[35mCOMMIT[0m
  ↳ bin/rails:4
Migrating to AddFlightIdToReservations (20200129055829)
  [1m[35m (0.2ms)[0m  [1m[35mBEGIN[0m
  ↳ bin/rails:4
  [1m[35m (0.5ms)[0m  [1m[35mALTER TABLE "reservations" ADD "flight_id" integer[0m
  ↳ db/migrate/20200129055829_add_flight_id_to_reservations.rb:3
  [1m[36mActiveRecord::SchemaMigration Create (0.3ms)[0m  [1m[32mINSERT INTO "schema_migrations" ("version") VALUES ($1) RETURNING "version"[0m  [["version", "20200129055829"]]
  ↳ bin/rails:4
  [1m[35m (0.4ms)[0m  [1m[35mCOMMIT[0m
  ↳ bin/rails:4
  [1m[36mActiveRecord::InternalMetadata Load (0.5ms)[0m  [1m[34mSELECT  "ar_internal_metadata".* FROM "ar_internal_metadata" WHERE "ar_internal_metadata"."key" = $1 LIMIT $2[0m  [["key", "environment"], ["LIMIT", 1]]
  ↳ bin/rails:4
  [1m[35m (0.2ms)[0m  [1m[35mBEGIN[0m
  ↳ bin/rails:4
  [1m[35m (0.1ms)[0m  [1m[35mCOMMIT[0m
  ↳ bin/rails:4
  [1m[35m (0.3ms)[0m  [1m[34mSELECT pg_advisory_unlock(2380315062065263575)[0m
  ↳ bin/rails:4
  [1m[35m (0.5ms)[0m  [1m[34mSELECT "schema_migrations"."version" FROM "schema_migrations" ORDER BY "schema_migrations"."version" ASC[0m
  ↳ bin/rails:4
  [1m[35m (0.8ms)[0m  [1m[34mSELECT "schema_migrations"."version" FROM "schema_migrations" ORDER BY "schema_migrations"."version" ASC[0m
  ↳ bin/rails:4
  [1m[35m (0.2ms)[0m  [1m[34mSELECT pg_try_advisory_lock(2380315062065263575)[0m
  ↳ bin/rails:4
  [1m[35m (0.8ms)[0m  [1m[34mSELECT "schema_migrations"."version" FROM "schema_migrations" ORDER BY "schema_migrations"."version" ASC[0m
  ↳ bin/rails:4
Migrating to AddColumnsToAirplanes (20200129060117)
  [1m[35m (0.1ms)[0m  [1m[35mBEGIN[0m
  ↳ bin/rails:4
  [1m[35m (1.1ms)[0m  [1m[35mALTER TABLE "airplanes" ADD "columns" integer[0m
  ↳ db/migrate/20200129060117_add_columns_to_airplanes.rb:3
  [1m[36mActiveRecord::SchemaMigration Create (0.4ms)[0m  [1m[32mINSERT INTO "schema_migrations" ("version") VALUES ($1) RETURNING "version"[0m  [["version", "20200129060117"]]
  ↳ bin/rails:4
  [1m[35m (0.4ms)[0m  [1m[35mCOMMIT[0m
  ↳ bin/rails:4
  [1m[36mActiveRecord::InternalMetadata Load (0.4ms)[0m  [1m[34mSELECT  "ar_internal_metadata".* FROM "ar_internal_metadata" WHERE "ar_internal_metadata"."key" = $1 LIMIT $2[0m  [["key", "environment"], ["LIMIT", 1]]
  ↳ bin/rails:4
  [1m[35m (0.1ms)[0m  [1m[35mBEGIN[0m
  ↳ bin/rails:4
  [1m[35m (0.1ms)[0m  [1m[35mCOMMIT[0m
  ↳ bin/rails:4
  [1m[35m (0.2ms)[0m  [1m[34mSELECT pg_advisory_unlock(2380315062065263575)[0m
  ↳ bin/rails:4
  [1m[35m (0.3ms)[0m  [1m[34mSELECT "schema_migrations"."version" FROM "schema_migrations" ORDER BY "schema_migrations"."version" ASC[0m
  ↳ bin/rails:4
  [1m[35m (0.8ms)[0m  [1m[34mSELECT "schema_migrations"."version" FROM "schema_migrations" ORDER BY "schema_migrations"."version" ASC[0m
  ↳ bin/rails:4
  [1m[35m (0.2ms)[0m  [1m[34mSELECT pg_try_advisory_lock(2380315062065263575)[0m
  ↳ bin/rails:4
  [1m[35m (0.8ms)[0m  [1m[34mSELECT "schema_migrations"."version" FROM "schema_migrations" ORDER BY "schema_migrations"."version" ASC[0m
  ↳ bin/rails:4
  [1m[36mActiveRecord::InternalMetadata Load (0.4ms)[0m  [1m[34mSELECT  "ar_internal_metadata".* FROM "ar_internal_metadata" WHERE "ar_internal_metadata"."key" = $1 LIMIT $2[0m  [["key", "environment"], ["LIMIT", 1]]
  ↳ bin/rails:4
  [1m[35m (0.1ms)[0m  [1m[35mBEGIN[0m
  ↳ bin/rails:4
  [1m[35m (0.1ms)[0m  [1m[35mCOMMIT[0m
  ↳ bin/rails:4
  [1m[35m (0.2ms)[0m  [1m[34mSELECT pg_advisory_unlock(2380315062065263575)[0m
  ↳ bin/rails:4
  [1m[35m (0.2ms)[0m  [1m[34mSELECT "schema_migrations"."version" FROM "schema_migrations" ORDER BY "schema_migrations"."version" ASC[0m
  ↳ bin/rails:4
  [1m[35m (0.8ms)[0m  [1m[34mSELECT "schema_migrations"."version" FROM "schema_migrations" ORDER BY "schema_migrations"."version" ASC[0m
  ↳ bin/rails:4
Started GET "/" for ::1 at 2020-01-29 17:07:26 +1100
  [1m[35m (1.1ms)[0m  [1m[34mSELECT "schema_migrations"."version" FROM "schema_migrations" ORDER BY "schema_migrations"."version" ASC[0m
  ↳ /Users/kevinosborn/.rvm/gems/ruby-2.4.1/gems/activerecord-5.2.4.1/lib/active_record/log_subscriber.rb:98
Processing by Rails::WelcomeController#index as HTML
  Rendering /Users/kevinosborn/.rvm/gems/ruby-2.4.1/gems/railties-5.2.4.1/lib/rails/templates/rails/welcome/index.html.erb
  Rendered /Users/kevinosborn/.rvm/gems/ruby-2.4.1/gems/railties-5.2.4.1/lib/rails/templates/rails/welcome/index.html.erb (3.8ms)
Completed 200 OK in 15ms (Views: 12.8ms | ActiveRecord: 0.0ms)


Started GET "/reviews/new" for ::1 at 2020-01-29 17:07:54 +1100
  
ActionController::RoutingError (No route matches [GET] "/reviews/new"):
  
actionpack (5.2.4.1) lib/action_dispatch/middleware/debug_exceptions.rb:65:in `call'
web-console (3.7.0) lib/web_console/middleware.rb:135:in `call_app'
web-console (3.7.0) lib/web_console/middleware.rb:30:in `block in call'
web-console (3.7.0) lib/web_console/middleware.rb:20:in `catch'
web-console (3.7.0) lib/web_console/middleware.rb:20:in `call'
actionpack (5.2.4.1) lib/action_dispatch/middleware/show_exceptions.rb:33:in `call'
railties (5.2.4.1) lib/rails/rack/logger.rb:38:in `call_app'
railties (5.2.4.1) lib/rails/rack/logger.rb:26:in `block in call'
activesupport (5.2.4.1) lib/active_support/tagged_logging.rb:71:in `block in tagged'
activesupport (5.2.4.1) lib/active_support/tagged_logging.rb:28:in `tagged'
activesupport (5.2.4.1) lib/active_support/tagged_logging.rb:71:in `tagged'
railties (5.2.4.1) lib/rails/rack/logger.rb:26:in `call'
sprockets-rails (3.2.1) lib/sprockets/rails/quiet_assets.rb:13:in `call'
actionpack (5.2.4.1) lib/action_dispatch/middleware/remote_ip.rb:81:in `call'
actionpack (5.2.4.1) lib/action_dispatch/middleware/request_id.rb:27:in `call'
rack (2.1.2) lib/rack/method_override.rb:24:in `call'
rack (2.1.2) lib/rack/runtime.rb:24:in `call'
activesupport (5.2.4.1) lib/active_support/cache/strategy/local_cache_middleware.rb:29:in `call'
actionpack (5.2.4.1) lib/action_dispatch/middleware/executor.rb:14:in `call'
actionpack (5.2.4.1) lib/action_dispatch/middleware/static.rb:127:in `call'
rack (2.1.2) lib/rack/sendfile.rb:113:in `call'
railties (5.2.4.1) lib/rails/engine.rb:524:in `call'
puma (3.12.2) lib/puma/configuration.rb:227:in `call'
puma (3.12.2) lib/puma/server.rb:674:in `handle_request'
puma (3.12.2) lib/puma/server.rb:476:in `process_client'
puma (3.12.2) lib/puma/server.rb:334:in `block in run'
puma (3.12.2) lib/puma/thread_pool.rb:135:in `block in spawn_thread'
Started GET "/flights" for ::1 at 2020-01-29 17:08:02 +1100
Processing by FlightsController#index as HTML
  Rendering flights/index.html.erb within layouts/application
  [1m[36mFlight Load (0.8ms)[0m  [1m[34mSELECT "flights".* FROM "flights"[0m
  ↳ app/views/flights/index.html.erb:16
  Rendered flights/index.html.erb within layouts/application (7.8ms)
Completed 200 OK in 470ms (Views: 451.5ms | ActiveRecord: 2.7ms)


Started GET "/flights/new" for ::1 at 2020-01-29 17:08:06 +1100
Processing by FlightsController#new as HTML
  Rendering flights/new.html.erb within layouts/application
  Rendered flights/_form.html.erb (24.5ms)
  Rendered flights/new.html.erb within layouts/application (28.6ms)
Completed 200 OK in 68ms (Views: 49.3ms | ActiveRecord: 7.3ms)


  [1m[35m (0.2ms)[0m  [1m[34mSELECT pg_try_advisory_lock(2380315062065263575)[0m
  ↳ bin/rails:4
  [1m[35m (0.8ms)[0m  [1m[34mSELECT "schema_migrations"."version" FROM "schema_migrations" ORDER BY "schema_migrations"."version" ASC[0m
  ↳ bin/rails:4
Migrating to AddNumberToFlights (20200129065529)
  [1m[35m (0.1ms)[0m  [1m[35mBEGIN[0m
  ↳ bin/rails:4
  [1m[35m (1.0ms)[0m  [1m[35mALTER TABLE "flights" ADD "number" integer[0m
  ↳ db/migrate/20200129065529_add_number_to_flights.rb:3
  [1m[36mActiveRecord::SchemaMigration Create (0.5ms)[0m  [1m[32mINSERT INTO "schema_migrations" ("version") VALUES ($1) RETURNING "version"[0m  [["version", "20200129065529"]]
  ↳ bin/rails:4
  [1m[35m (0.5ms)[0m  [1m[35mCOMMIT[0m
  ↳ bin/rails:4
  [1m[36mActiveRecord::InternalMetadata Load (0.3ms)[0m  [1m[34mSELECT  "ar_internal_metadata".* FROM "ar_internal_metadata" WHERE "ar_internal_metadata"."key" = $1 LIMIT $2[0m  [["key", "environment"], ["LIMIT", 1]]
  ↳ bin/rails:4
  [1m[35m (0.1ms)[0m  [1m[35mBEGIN[0m
  ↳ bin/rails:4
  [1m[35m (0.1ms)[0m  [1m[35mCOMMIT[0m
  ↳ bin/rails:4
  [1m[35m (0.2ms)[0m  [1m[34mSELECT pg_advisory_unlock(2380315062065263575)[0m
  ↳ bin/rails:4
  [1m[35m (0.3ms)[0m  [1m[34mSELECT "schema_migrations"."version" FROM "schema_migrations" ORDER BY "schema_migrations"."version" ASC[0m
  ↳ bin/rails:4
  [1m[35m (0.8ms)[0m  [1m[34mSELECT "schema_migrations"."version" FROM "schema_migrations" ORDER BY "schema_migrations"."version" ASC[0m
  ↳ bin/rails:4
  [1m[35m (0.2ms)[0m  [1m[35mBEGIN[0m
  ↳ db/seeds.rb:9
  [1m[36mAirplane Create (0.9ms)[0m  [1m[32mINSERT INTO "airplanes" ("name", "rows", "created_at", "updated_at", "columns") VALUES ($1, $2, $3, $4, $5) RETURNING "id"[0m  [["name", "747"], ["rows", 20], ["created_at", "2020-01-29 06:56:51.315852"], ["updated_at", "2020-01-29 06:56:51.315852"], ["columns", 4]]
  ↳ db/seeds.rb:9
  [1m[35m (0.5ms)[0m  [1m[35mCOMMIT[0m
  ↳ db/seeds.rb:9
  [1m[35m (0.1ms)[0m  [1m[35mBEGIN[0m
  ↳ db/seeds.rb:10
  [1m[36mAirplane Create (0.4ms)[0m  [1m[32mINSERT INTO "airplanes" ("name", "rows", "created_at", "updated_at", "columns") VALUES ($1, $2, $3, $4, $5) RETURNING "id"[0m  [["name", "423"], ["rows", 10], ["created_at", "2020-01-29 06:56:51.319198"], ["updated_at", "2020-01-29 06:56:51.319198"], ["columns", 2]]
  ↳ db/seeds.rb:10
  [1m[35m (0.5ms)[0m  [1m[35mCOMMIT[0m
  ↳ db/seeds.rb:10
  [1m[35m (0.1ms)[0m  [1m[35mBEGIN[0m
  ↳ db/seeds.rb:11
  [1m[36mAirplane Create (0.4ms)[0m  [1m[32mINSERT INTO "airplanes" ("name", "rows", "created_at", "updated_at", "columns") VALUES ($1, $2, $3, $4, $5) RETURNING "id"[0m  [["name", "590"], ["rows", 5], ["created_at", "2020-01-29 06:56:51.321511"], ["updated_at", "2020-01-29 06:56:51.321511"], ["columns", 1]]
  ↳ db/seeds.rb:11
  [1m[35m (0.4ms)[0m  [1m[35mCOMMIT[0m
  ↳ db/seeds.rb:11
  [1m[35m (0.1ms)[0m  [1m[35mBEGIN[0m
  ↳ db/seeds.rb:12
  [1m[36mAirplane Create (0.3ms)[0m  [1m[32mINSERT INTO "airplanes" ("name", "rows", "created_at", "updated_at", "columns") VALUES ($1, $2, $3, $4, $5) RETURNING "id"[0m  [["name", "302"], ["rows", 100], ["created_at", "2020-01-29 06:56:51.323483"], ["updated_at", "2020-01-29 06:56:51.323483"], ["columns", 5]]
  ↳ db/seeds.rb:12
  [1m[35m (0.4ms)[0m  [1m[35mCOMMIT[0m
  ↳ db/seeds.rb:12
  [1m[35m (0.2ms)[0m  [1m[35mBEGIN[0m
  ↳ db/seeds.rb:14
  [1m[36mUser Create (0.5ms)[0m  [1m[32mINSERT INTO "users" ("name", "admin", "created_at", "updated_at") VALUES ($1, $2, $3, $4) RETURNING "id"[0m  [["name", "Kevin"], ["admin", true], ["created_at", "2020-01-29 06:56:51.337014"], ["updated_at", "2020-01-29 06:56:51.337014"]]
  ↳ db/seeds.rb:14
  [1m[35m (0.5ms)[0m  [1m[35mCOMMIT[0m
  ↳ db/seeds.rb:14
  [1m[35m (0.1ms)[0m  [1m[35mBEGIN[0m
  ↳ db/seeds.rb:15
  [1m[36mUser Create (0.3ms)[0m  [1m[32mINSERT INTO "users" ("name", "admin", "created_at", "updated_at") VALUES ($1, $2, $3, $4) RETURNING "id"[0m  [["name", "Sree"], ["admin", true], ["created_at", "2020-01-29 06:56:51.339572"], ["updated_at", "2020-01-29 06:56:51.339572"]]
  ↳ db/seeds.rb:15
  [1m[35m (0.3ms)[0m  [1m[35mCOMMIT[0m
  ↳ db/seeds.rb:15
  [1m[35m (0.1ms)[0m  [1m[35mBEGIN[0m
  ↳ db/seeds.rb:16
  [1m[36mUser Create (0.2ms)[0m  [1m[32mINSERT INTO "users" ("name", "admin", "created_at", "updated_at") VALUES ($1, $2, $3, $4) RETURNING "id"[0m  [["name", "Harry"], ["admin", true], ["created_at", "2020-01-29 06:56:51.341489"], ["updated_at", "2020-01-29 06:56:51.341489"]]
  ↳ db/seeds.rb:16
  [1m[35m (0.4ms)[0m  [1m[35mCOMMIT[0m
  ↳ db/seeds.rb:16
  [1m[35m (0.1ms)[0m  [1m[35mBEGIN[0m
  ↳ db/seeds.rb:17
  [1m[36mUser Create (0.3ms)[0m  [1m[32mINSERT INTO "users" ("name", "admin", "created_at", "updated_at") VALUES ($1, $2, $3, $4) RETURNING "id"[0m  [["name", "Luke"], ["admin", false], ["created_at", "2020-01-29 06:56:51.343211"], ["updated_at", "2020-01-29 06:56:51.343211"]]
  ↳ db/seeds.rb:17
  [1m[35m (0.4ms)[0m  [1m[35mCOMMIT[0m
  ↳ db/seeds.rb:17
  [1m[35m (0.1ms)[0m  [1m[35mBEGIN[0m
  ↳ db/seeds.rb:19
  [1m[35m (0.2ms)[0m  [1m[31mROLLBACK[0m
  ↳ db/seeds.rb:19
  [1m[35m (0.1ms)[0m  [1m[35mBEGIN[0m
  ↳ db/seeds.rb:20
  [1m[35m (0.1ms)[0m  [1m[31mROLLBACK[0m
  ↳ db/seeds.rb:20
  [1m[35m (0.1ms)[0m  [1m[35mBEGIN[0m
  ↳ db/seeds.rb:21
  [1m[35m (0.1ms)[0m  [1m[31mROLLBACK[0m
  ↳ db/seeds.rb:21
  [1m[35m (0.1ms)[0m  [1m[35mBEGIN[0m
  ↳ db/seeds.rb:22
  [1m[35m (0.1ms)[0m  [1m[31mROLLBACK[0m
  ↳ db/seeds.rb:22
Started GET "/" for ::1 at 2020-01-29 17:57:00 +1100
  [1m[35m (1.2ms)[0m  [1m[34mSELECT "schema_migrations"."version" FROM "schema_migrations" ORDER BY "schema_migrations"."version" ASC[0m
  ↳ /Users/kevinosborn/.rvm/gems/ruby-2.4.1/gems/activerecord-5.2.4.1/lib/active_record/log_subscriber.rb:98
Processing by Rails::WelcomeController#index as HTML
  Rendering /Users/kevinosborn/.rvm/gems/ruby-2.4.1/gems/railties-5.2.4.1/lib/rails/templates/rails/welcome/index.html.erb
  Rendered /Users/kevinosborn/.rvm/gems/ruby-2.4.1/gems/railties-5.2.4.1/lib/rails/templates/rails/welcome/index.html.erb (2.8ms)
Completed 200 OK in 10ms (Views: 7.1ms | ActiveRecord: 0.0ms)


Started GET "/airplanes" for ::1 at 2020-01-29 17:57:04 +1100
Processing by AirplanesController#index as HTML
  Rendering airplanes/index.html.erb within layouts/application
  [1m[36mAirplane Load (0.7ms)[0m  [1m[34mSELECT "airplanes".* FROM "airplanes"[0m
  ↳ app/views/airplanes/index.html.erb:16
  Rendered airplanes/index.html.erb within layouts/application (24.9ms)
Completed 200 OK in 220ms (Views: 199.7ms | ActiveRecord: 8.9ms)


